This is pdfTeX, Version 3.1415926-2.4-1.40.13 (TeX Live 2012) (format=pdflatex 2013.2.19)  27 AUG 2013 09:30
entering extended mode
 restricted \write18 enabled.
 %&-line parsing enabled.
**phononTemperatures
(./phononTemperatures.tex
LaTeX2e <2011/06/27>
Babel <v3.8m> and hyphenation patterns for english, dumylang, nohyphenation, ge
rman-x-2012-05-30, ngerman-x-2012-05-30, afrikaans, ancientgreek, ibycus, arabi
c, armenian, basque, bulgarian, catalan, pinyin, coptic, croatian, czech, danis
h, dutch, ukenglish, usenglishmax, esperanto, estonian, ethiopic, farsi, finnis
h, french, friulan, galician, german, ngerman, swissgerman, monogreek, greek, h
ungarian, icelandic, assamese, bengali, gujarati, hindi, kannada, malayalam, ma
rathi, oriya, panjabi, tamil, telugu, indonesian, interlingua, irish, italian, 
kurmanji, latin, latvian, lithuanian, mongolian, mongolianlmc, bokmal, nynorsk,
 polish, portuguese, romanian, romansh, russian, sanskrit, serbian, serbianc, s
lovak, slovenian, spanish, swedish, turkish, turkmen, ukrainian, uppersorbian, 
welsh, loaded.
(/usr/local/texlive/2012/../texmf-local/tex/latex/revtex/revtex4-1.cls
Document Class: revtex4-1 2010/07/25/20:33:00 4.1r (http://publish.aps.org/revt
ex4/ for documentation)
 Copyright (c) 2009 The American Physical Society.
 mailto:revtex@aps.org
 Licensed under the LPPL:
http://www.ctan.org/tex-archive/macros/latex/base/lppl.txt
 Arthur Ogawa <arthur_ogawa at sbcglobal dot net>
 Based on work by David Carlisle <david at dcarlisle.demon.co.uk>.
ltxutil[2010/07/25/20:33:00 4.1r utilities package (portions licensed from W. E
. Baxter web at superscript.com)]
LaTeX Info: Redefining \@centercr on input line 308.
Class revtex4-1 Info: Repairing broken LaTeX eqnarray on input line 358.
\eqncolsep=\skip41
Class revtex4-1 Info: Repairing hyperref-unfriendly LaTeX definition of \mpfoot
note on input line 433.
Class revtex4-1 Info: Repairing broken LateX \@sect on input line 755.
\intertabularlinepenalty=\count79
\@tbpen=\count80
\@arstrutbox@hline=\box26
Class revtex4-1 Info: Repairing broken LaTeX \@xbitor on input line 1786.
Class revtex4-1 Info: Making \typeout \long on input line 2046.
ltxfront[2010/07/25/20:33:00 4.1r frontmatter package (AO,DPC)]
\c@affil=\count81
\c@collab=\count82
\absbox=\box27
ltxgrid[2010/07/25/20:33:00 4.1r page grid package (portions licensed from W. E
. Baxter web at superscript.com)]
\c@linecount=\count83
\output@latex=\toks14
\box@size@1=\box28
\box@size@2=\box29
\@protection@box=\box30
\@topmark@saved=\toks15
\footins@saved=\box31
\footins@recovered=\box32
\column@recovered=\box33
\pagesofar=\box34
\footsofar=\box35
\pagegrid@col=\count84
Class revtex4-1 Info: Overriding \@vspace, \@vspacer, \@no@pgbk, \@newline, and
 \\  on input line 5578.
\c@part=\count85
\c@section=\count86
\c@subsection=\count87
\c@subsubsection=\count88
\c@paragraph=\count89
\c@subparagraph=\count90
\abovecaptionskip=\skip42
\belowcaptionskip=\skip43
\c@figure=\count91
\fbox@1=\box36
\c@table=\count92
\fbox@2=\box37
\c@video=\count93
\fbox@4=\box38
\@bibdataout=\write3
\widetext@top=\box39
\widetext@bot=\box40
Class revtex4-1 Info: Selecting society aps on input line 7542.
(/usr/local/texlive/2012/../texmf-local/tex/latex/revtex/aps4-1.rtx
File: aps4-1 2010/07/25/20:33:00 4.1r (http://publish.aps.org/revtex4/ for docu
mentation)
Class revtex4-1 Info: RevTeX society APS selected on input line 31.
)

Class revtex4-1 Warning: No journal specified, using default pra.

Class revtex4-1 Info: APS journal PRA selected on input line 7545.
(/usr/local/texlive/2012/../texmf-local/tex/latex/revtex/aps10pt4-1.rtx
File: aps10pt4-1 2010/07/25/20:33:00 4.1r (http://publish.aps.org/revtex4/ for 
documentation)
Class revtex4-1 Info: RevTeX pointsize 10pt selected on input line 30.
)
(/usr/local/texlive/2012/texmf-dist/tex/latex/textcase/textcase.sty
Package: textcase 2004/10/07 v0.07 Text only upper/lower case changing (DPC)
)
(/usr/local/texlive/2012/texmf-dist/tex/latex/amsfonts/amssymb.sty
Package: amssymb 2013/01/14 v3.01 AMS font symbols

(/usr/local/texlive/2012/texmf-dist/tex/latex/amsfonts/amsfonts.sty
Package: amsfonts 2013/01/14 v3.01 Basic AMSFonts support
\@emptytoks=\toks16
\symAMSa=\mathgroup4
\symAMSb=\mathgroup5
LaTeX Font Info:    Overwriting math alphabet `\mathfrak' in version `bold'
(Font)                  U/euf/m/n --> U/euf/b/n on input line 106.
))
(/usr/local/texlive/2012/texmf-dist/tex/latex/amsmath/amsmath.sty
Package: amsmath 2000/07/18 v2.13 AMS math features
\@mathmargin=\skip44

For additional information on amsmath, use the `?' option.
(/usr/local/texlive/2012/texmf-dist/tex/latex/amsmath/amstext.sty
Package: amstext 2000/06/29 v2.01

(/usr/local/texlive/2012/texmf-dist/tex/latex/amsmath/amsgen.sty
File: amsgen.sty 1999/11/30 v2.0
\@emptytoks=\toks17
\ex@=\dimen102
)
LaTeX Info: Redefining \text on input line 53.
)
(/usr/local/texlive/2012/texmf-dist/tex/latex/amsmath/amsbsy.sty
Package: amsbsy 1999/11/29 v1.2d
\pmbraise@=\dimen103
)
(/usr/local/texlive/2012/texmf-dist/tex/latex/amsmath/amsopn.sty
Package: amsopn 1999/12/14 v2.01 operator names
)
\inf@bad=\count94
LaTeX Info: Redefining \frac on input line 211.
\uproot@=\count95
\leftroot@=\count96
LaTeX Info: Redefining \overline on input line 307.
\classnum@=\count97
\DOTSCASE@=\count98
LaTeX Info: Redefining \ldots on input line 379.
LaTeX Info: Redefining \dots on input line 382.
LaTeX Info: Redefining \cdots on input line 467.
\Mathstrutbox@=\box41
\strutbox@=\box42
\big@size=\dimen104
LaTeX Font Info:    Redeclaring font encoding OML on input line 567.
LaTeX Font Info:    Redeclaring font encoding OMS on input line 568.
\macc@depth=\count99
\c@MaxMatrixCols=\count100
\dotsspace@=\muskip10
\c@parentequation=\count101
\dspbrk@lvl=\count102
\tag@help=\toks18
\row@=\count103
\column@=\count104
\maxfields@=\count105
\andhelp@=\toks19
\eqnshift@=\dimen105
\alignsep@=\dimen106
\tagshift@=\dimen107
\tagwidth@=\dimen108
\totwidth@=\dimen109
\lineht@=\dimen110
\@envbody=\toks20
\multlinegap=\skip45
\multlinetaggap=\skip46
\mathdisplay@stack=\toks21
LaTeX Info: Redefining \[ on input line 2666.
LaTeX Info: Redefining \] on input line 2667.
)
(/usr/local/texlive/2012/texmf-dist/tex/latex/url/url.sty
\Urlmuskip=\muskip11
Package: url 2006/04/12  ver 3.3  Verb mode for urls, etc.
)
(/usr/local/texlive/2012/texmf-dist/tex/latex/natbib/natbib.sty
Package: natbib 2010/09/13 8.31b (PWD, AO)
\bibhang=\skip47
\bibsep=\skip48
LaTeX Info: Redefining \cite on input line 694.
\c@NAT@ctr=\count106
)
Class revtex4-1 Info: Repairing natbib's \BibitemShut on input line 7549.

(/usr/local/texlive/2012/../texmf-local/tex/latex/revtex/revsymb4-1.sty
Package: revsymb4-1 2010/07/25/20:33:00 4.1r (http://publish.aps.org/revtex4/ f
or documentation)
LaTeX Info: Redefining \frak on input line 95.
LaTeX Info: Redefining \Bbb on input line 111.
LaTeX Info: Redefining \REV@mathfrak on input line 119.
))
(/usr/local/texlive/2012/texmf-dist/tex/latex/graphics/graphicx.sty
Package: graphicx 1999/02/16 v1.0f Enhanced LaTeX Graphics (DPC,SPQR)

(/usr/local/texlive/2012/texmf-dist/tex/latex/graphics/keyval.sty
Package: keyval 1999/03/16 v1.13 key=value parser (DPC)
\KV@toks@=\toks22
)
(/usr/local/texlive/2012/texmf-dist/tex/latex/graphics/graphics.sty
Package: graphics 2009/02/05 v1.0o Standard LaTeX Graphics (DPC,SPQR)

(/usr/local/texlive/2012/texmf-dist/tex/latex/graphics/trig.sty
Package: trig 1999/03/16 v1.09 sin cos tan (DPC)
)
(/usr/local/texlive/2012/texmf-dist/tex/latex/latexconfig/graphics.cfg
File: graphics.cfg 2010/04/23 v1.9 graphics configuration of TeX Live
)
Package graphics Info: Driver file: pdftex.def on input line 91.

(/usr/local/texlive/2012/texmf-dist/tex/latex/pdftex-def/pdftex.def
File: pdftex.def 2011/05/27 v0.06d Graphics/color for pdfTeX

(/usr/local/texlive/2012/texmf-dist/tex/generic/oberdiek/infwarerr.sty
Package: infwarerr 2010/04/08 v1.3 Providing info/warning/error messages (HO)
)
(/usr/local/texlive/2012/texmf-dist/tex/generic/oberdiek/ltxcmds.sty
Package: ltxcmds 2011/11/09 v1.22 LaTeX kernel commands for general use (HO)
)
\Gread@gobject=\count107
))
\Gin@req@height=\dimen111
\Gin@req@width=\dimen112
)
Class revtex4-1 Info: Patching LaTeX tabular. on input line 38.
Class revtex4-1 Info: Robustifying \LaTeX's \boldmath command on input line 38.

Class revtex4-1 Info: cite was not loaded (OK!) on input line 38.
Class revtex4-1 Info: mcite was not loaded (OK!) on input line 38.
Class revtex4-1 Info: multicol was not loaded (OK!) on input line 38.

(./phononTemperatures.aux)
\openout1 = `phononTemperatures.aux'.

LaTeX Font Info:    Checking defaults for OML/cmm/m/it on input line 38.
LaTeX Font Info:    ... okay on input line 38.
LaTeX Font Info:    Checking defaults for T1/cmr/m/n on input line 38.
LaTeX Font Info:    ... okay on input line 38.
LaTeX Font Info:    Checking defaults for OT1/cmr/m/n on input line 38.
LaTeX Font Info:    ... okay on input line 38.
LaTeX Font Info:    Checking defaults for OMS/cmsy/m/n on input line 38.
LaTeX Font Info:    ... okay on input line 38.
LaTeX Font Info:    Checking defaults for OMX/cmex/m/n on input line 38.
LaTeX Font Info:    ... okay on input line 38.
LaTeX Font Info:    Checking defaults for U/cmr/m/n on input line 38.
LaTeX Font Info:    ... okay on input line 38.

(/usr/local/texlive/2012/texmf-dist/tex/context/base/supp-pdf.mkii
[Loading MPS to PDF converter (version 2006.09.02).]
\scratchcounter=\count108
\scratchdimen=\dimen113
\scratchbox=\box43
\nofMPsegments=\count109
\nofMParguments=\count110
\everyMPshowfont=\toks23
\MPscratchCnt=\count111
\MPscratchDim=\dimen114
\MPnumerator=\count112
\makeMPintoPDFobject=\count113
\everyMPtoPDFconversion=\toks24
) (/usr/local/texlive/2012/texmf-dist/tex/generic/oberdiek/pdftexcmds.sty
Package: pdftexcmds 2011/11/29 v0.20 Utility functions of pdfTeX for LuaTeX (HO
)

(/usr/local/texlive/2012/texmf-dist/tex/generic/oberdiek/ifluatex.sty
Package: ifluatex 2010/03/01 v1.3 Provides the ifluatex switch (HO)
Package ifluatex Info: LuaTeX not detected.
)
(/usr/local/texlive/2012/texmf-dist/tex/generic/oberdiek/ifpdf.sty
Package: ifpdf 2011/01/30 v2.3 Provides the ifpdf switch (HO)
Package ifpdf Info: pdfTeX in PDF mode is detected.
)
Package pdftexcmds Info: LuaTeX not detected.
Package pdftexcmds Info: \pdf@primitive is available.
Package pdftexcmds Info: \pdf@ifprimitive is available.
Package pdftexcmds Info: \pdfdraftmode found.
)
(/usr/local/texlive/2012/texmf-dist/tex/latex/oberdiek/epstopdf-base.sty
Package: epstopdf-base 2010/02/09 v2.5 Base part for package epstopdf

(/usr/local/texlive/2012/texmf-dist/tex/latex/oberdiek/grfext.sty
Package: grfext 2010/08/19 v1.1 Manage graphics extensions (HO)

(/usr/local/texlive/2012/texmf-dist/tex/generic/oberdiek/kvdefinekeys.sty
Package: kvdefinekeys 2011/04/07 v1.3 Define keys (HO)
))
(/usr/local/texlive/2012/texmf-dist/tex/latex/oberdiek/kvoptions.sty
Package: kvoptions 2011/06/30 v3.11 Key value format for package options (HO)

(/usr/local/texlive/2012/texmf-dist/tex/generic/oberdiek/kvsetkeys.sty
Package: kvsetkeys 2012/04/25 v1.16 Key value parser (HO)

(/usr/local/texlive/2012/texmf-dist/tex/generic/oberdiek/etexcmds.sty
Package: etexcmds 2011/02/16 v1.5 Avoid name clashes with e-TeX commands (HO)
Package etexcmds Info: Could not find \expanded.
(etexcmds)             That can mean that you are not using pdfTeX 1.50 or
(etexcmds)             that some package has redefined \expanded.
(etexcmds)             In the latter case, load this package earlier.
)))
Package grfext Info: Graphics extension search list:
(grfext)             [.png,.pdf,.jpg,.mps,.jpeg,.jbig2,.jb2,.PNG,.PDF,.JPG,.JPE
G,.JBIG2,.JB2,.eps]
(grfext)             \AppendGraphicsExtensions on input line 452.

(/usr/local/texlive/2012/texmf-dist/tex/latex/latexconfig/epstopdf-sys.cfg
File: epstopdf-sys.cfg 2010/07/13 v1.3 Configuration of (r)epstopdf for TeX Liv
e
))
\openout3 = `phononTemperaturesNotes.bib'.



Package natbib Warning: Citation `QuantumComputing' on page 1 undefined on inpu
t line 60.


Package natbib Warning: Citation `IsingStuff' on page 1 undefined on input line
 63.


Underfull \hbox (badness 10000) in paragraph at lines 66--67
[]\OT1/cmtt/m/n/10 Also mention plasma physics problems that
 []


Underfull \hbox (badness 10000) in paragraph at lines 66--67
\OT1/cmtt/m/n/10 can be studied. Very strongly correlated
 []


Underfull \hbox (badness 10000) in paragraph at lines 77--82
\OT1/cmtt/m/n/10 of the stuff that the Freericks group has done
 []


Underfull \hbox (badness 10000) in paragraph at lines 105--110
\OT1/cmtt/m/n/10 description of Penning trap needed. Reference
 []

LaTeX Font Info:    Try loading font information for OMS+cmr on input line 112.

(/usr/local/texlive/2012/texmf-dist/tex/latex/base/omscmr.fd
File: omscmr.fd 1999/05/25 v2.5h Standard LaTeX font definitions
)
LaTeX Font Info:    Font shape `OMS/cmr/m/n' in size <10> not available
(Font)              Font shape `OMS/cmsy/m/n' tried instead on input line 112.
LaTeX Font Info:    Try loading font information for U+msa on input line 135.

(/usr/local/texlive/2012/texmf-dist/tex/latex/amsfonts/umsa.fd
File: umsa.fd 2013/01/14 v3.01 AMS symbols A
)
LaTeX Font Info:    Try loading font information for U+msb on input line 135.

(/usr/local/texlive/2012/texmf-dist/tex/latex/amsfonts/umsb.fd
File: umsb.fd 2013/01/14 v3.01 AMS symbols B
) [1{/usr/local/texlive/2012/texmf-var/fonts/map/pdftex/updmap/pdftex.map}]

Package natbib Warning: Citation `Jackson' on page 2 undefined on input line 24
2.

<../code/eCrossBTestY.pdf, id=18, 226.77165pt x 140.15259pt>
File: ../code/eCrossBTestY.pdf Graphic file (type pdf)

<use ../code/eCrossBTestY.pdf>
Package pdftex.def Info: ../code/eCrossBTestY.pdf used on input line 266.
(pdftex.def)             Requested size: 226.77109pt x 140.15224pt.

Underfull \hbox (badness 1838) in paragraph at lines 279--284
[]\OT1/cmr/m/n/10 To study the con-ver-gence of the in-te-gra-tors we
 []


Underfull \hbox (badness 7558) in paragraph at lines 279--284
\OT1/cmr/m/n/10 have taken a crys-tal with 127 ions and pre-
 []


Underfull \hbox (badness 2173) in paragraph at lines 279--284
\OT1/cmr/m/n/10 pared them in a steady state by means of ar-ti-
 []


Underfull \hbox (badness 1314) in paragraph at lines 279--284
\OT1/cmr/m/n/10 fi-cial cool-ing... \OT1/cmtt/m/n/10 Need to discuss how we fin
d the
 []

[2]

LaTeX Warning: A float is stuck (cannot be placed) on input line 292.


LaTeX Warning: A float is stuck (cannot be placed) on input line 292.


Class revtex4-1 Warning: Deferred float stuck during \clearpage processing.

<figures/convergencePlot.pdf, id=24, 219.82124pt x 131.49126pt>
File: figures/convergencePlot.pdf Graphic file (type pdf)

<use figures/convergencePlot.pdf>
Package pdftex.def Info: figures/convergencePlot.pdf used on input line 344.
(pdftex.def)             Requested size: 219.8207pt x 131.49092pt.


Package natbib Warning: Citation `Note1' on page 3 undefined on input line 383.


[3 <../code/eCrossBTestY.pdf> <./figures/convergencePlot.pdf>]
<figures/freeSpaceCooling.pdf, id=117, 226.77165pt x 140.15259pt>
File: figures/freeSpaceCooling.pdf Graphic file (type pdf)

<use figures/freeSpaceCooling.pdf>
Package pdftex.def Info: figures/freeSpaceCooling.pdf used on input line 478.
(pdftex.def)             Requested size: 226.77109pt x 140.15224pt.

<figures/topView44_115kHzAxial_8ms.pdf, id=118, 226.77165pt x 226.77165pt>
File: figures/topView44_115kHzAxial_8ms.pdf Graphic file (type pdf)

<use figures/topView44_115kHzAxial_8ms.pdf>
Package pdftex.def Info: figures/topView44_115kHzAxial_8ms.pdf used on input li
ne 489.
(pdftex.def)             Requested size: 226.77109pt x 226.77109pt.

<figures/ionTrajectories_PerpCooling.pdf, id=119, 226.77165pt x 226.77165pt>
File: figures/ionTrajectories_PerpCooling.pdf Graphic file (type pdf)

<use figures/ionTrajectories_PerpCooling.pdf>
Package pdftex.def Info: figures/ionTrajectories_PerpCooling.pdf used on input 
line 499.
(pdftex.def)             Requested size: 226.77109pt x 226.77109pt.
 [4 <./figures/freeSpaceCooling.pdf>]

LaTeX Warning: A float is stuck (cannot be placed) on input line 504.


LaTeX Warning: A float is stuck (cannot be placed) on input line 504.


Class revtex4-1 Warning: Deferred float stuck during \clearpage processing.


<figures/topView44_10875kHzPerpAxial_5ms.pdf, id=148, 226.77165pt x 226.77165pt
>
File: figures/topView44_10875kHzPerpAxial_5ms.pdf Graphic file (type pdf)
 <use figures/topView44_10875kHzPerpAxial_5ms.pdf>
Package pdftex.def Info: figures/topView44_10875kHzPerpAxial_5ms.pdf used on in
put line 506.
(pdftex.def)             Requested size: 249.9028pt x 249.90633pt.

<figures/topView44_10875kHzPerpAxial_6ms.pdf, id=149, 226.77165pt x 226.77165pt
>
File: figures/topView44_10875kHzPerpAxial_6ms.pdf Graphic file (type pdf)
 <use figures/topView44_10875kHzPerpAxial_6ms.pdf>
Package pdftex.def Info: figures/topView44_10875kHzPerpAxial_6ms.pdf used on in
put line 507.
(pdftex.def)             Requested size: 249.9028pt x 249.90633pt.

Overfull \hbox (3.9028pt too wide) in paragraph at lines 506--508
 [][] 
 []


Overfull \hbox (3.9028pt too wide) in paragraph at lines 506--508
 [] 
 []

[5 <./figures/topView44_115kHzAxial_8ms.pdf> <./figures/ionTrajectories_PerpCoo
ling.pdf> <./figures/topView44_10875kHzPerpAxial_5ms.pdf> <./figures/topView44_
10875kHzPerpAxial_6ms.pdf>]
<figures/Crystal_Configuration.pdf, id=210, 722.7pt x 542.025pt>
File: figures/Crystal_Configuration.pdf Graphic file (type pdf)

<use figures/Crystal_Configuration.pdf>
Package pdftex.def Info: figures/Crystal_Configuration.pdf used on input line 5
45.
(pdftex.def)             Requested size: 233.69925pt x 175.27107pt.

<figures/rearrangement.pdf, id=211, 226.77165pt x 136.06299pt>
File: figures/rearrangement.pdf Graphic file (type pdf)

<use figures/rearrangement.pdf>
Package pdftex.def Info: figures/rearrangement.pdf used on input line 593.
(pdftex.def)             Requested size: 233.69925pt x 140.22116pt.
 [6 <./figures/Crystal_Configuration.pdf> <./figures/rearrangement.pdf>]

LaTeX Warning: Reference `fig:ConvergenceWithDamping' on page 7 undefined on in
put line 632.


LaTeX Warning: Reference `fig:SteadyState' on page 7 undefined on input line 63
6.

<./figures/sideViews.pdf, id=250, 227.62204pt x 227.62204pt>
File: ./figures/sideViews.pdf Graphic file (type pdf)

<use ./figures/sideViews.pdf>
Package pdftex.def Info: ./figures/sideViews.pdf used on input line 654.
(pdftex.def)             Requested size: 227.62148pt x 227.62148pt.

<./figures/thicknessVsOmega.pdf, id=251, 226.77165pt x 136.06299pt>
File: ./figures/thicknessVsOmega.pdf Graphic file (type pdf)

<use ./figures/thicknessVsOmega.pdf>
Package pdftex.def Info: ./figures/thicknessVsOmega.pdf used on input line 662.

(pdftex.def)             Requested size: 226.77109pt x 136.06264pt.

<./figures/axialSpectra.pdf, id=252, 226.77165pt x 136.06299pt>
File: ./figures/axialSpectra.pdf Graphic file (type pdf)

<use ./figures/axialSpectra.pdf>
Package pdftex.def Info: ./figures/axialSpectra.pdf used on input line 682.
(pdftex.def)             Requested size: 226.77109pt x 136.06264pt.

<./figures/axialSpectraZoomedIn.pdf, id=253, 226.77165pt x 136.06299pt>
File: ./figures/axialSpectraZoomedIn.pdf Graphic file (type pdf)

<use ./figures/axialSpectraZoomedIn.pdf>
Package pdftex.def Info: ./figures/axialSpectraZoomedIn.pdf used on input line 
689.
(pdftex.def)             Requested size: 226.77109pt x 136.06264pt.

<./figures/axialTemperature.pdf, id=254, 226.77165pt x 136.06299pt>
File: ./figures/axialTemperature.pdf Graphic file (type pdf)

<use ./figures/axialTemperature.pdf>
Package pdftex.def Info: ./figures/axialTemperature.pdf used on input line 697.

(pdftex.def)             Requested size: 226.77109pt x 136.06264pt.
 [7 <./figures/sideViews.pdf> <./figures/thicknessVsOmega.pdf> <./figures/axial
Spectra.pdf>]

LaTeX Warning: A float is stuck (cannot be placed) on input line 721.


LaTeX Warning: A float is stuck (cannot be placed) on input line 721.


Class revtex4-1 Warning: Deferred float stuck during \clearpage processing.

No file phononTemperatures.bbl.

Package natbib Warning: There were undefined citations.

[8 <./figures/axialSpectraZoomedIn.pdf> <./figures/axialTemperature.pdf>]
(./phononTemperatures.aux)

LaTeX Warning: There were undefined references.


LaTeX Warning: Label(s) may have changed. Rerun to get cross-references right .


 ) 
Here is how much of TeX's memory you used:
 4479 strings out of 493488
 60689 string characters out of 3141326
 134375 words of memory out of 3000000
 7712 multiletter control sequences out of 15000+200000
 11106 words of font info for 43 fonts, out of 3000000 for 9000
 957 hyphenation exceptions out of 8191
 38i,7n,28p,579b,303s stack positions out of 5000i,500n,10000p,200000b,50000s
</usr/local/texlive/2012/texmf-dist/fonts/type1/public/amsfonts/cm/cmbx10.pfb
></usr/local/texlive/2012/texmf-dist/fonts/type1/public/amsfonts/cm/cmbx12.pfb>
</usr/local/texlive/2012/texmf-dist/fonts/type1/public/amsfonts/cm/cmbx7.pfb></
usr/local/texlive/2012/texmf-dist/fonts/type1/public/amsfonts/cm/cmbx9.pfb></us
r/local/texlive/2012/texmf-dist/fonts/type1/public/amsfonts/cm/cmex10.pfb></usr
/local/texlive/2012/texmf-dist/fonts/type1/public/amsfonts/cm/cmmi10.pfb></usr/
local/texlive/2012/texmf-dist/fonts/type1/public/amsfonts/cm/cmmi6.pfb></usr/lo
cal/texlive/2012/texmf-dist/fonts/type1/public/amsfonts/cm/cmmi7.pfb></usr/loca
l/texlive/2012/texmf-dist/fonts/type1/public/amsfonts/cm/cmmi8.pfb></usr/local/
texlive/2012/texmf-dist/fonts/type1/public/amsfonts/cm/cmmi9.pfb></usr/local/te
xlive/2012/texmf-dist/fonts/type1/public/amsfonts/cm/cmr10.pfb></usr/local/texl
ive/2012/texmf-dist/fonts/type1/public/amsfonts/cm/cmr5.pfb></usr/local/texlive
/2012/texmf-dist/fonts/type1/public/amsfonts/cm/cmr6.pfb></usr/local/texlive/20
12/texmf-dist/fonts/type1/public/amsfonts/cm/cmr7.pfb></usr/local/texlive/2012/
texmf-dist/fonts/type1/public/amsfonts/cm/cmr8.pfb></usr/local/texlive/2012/tex
mf-dist/fonts/type1/public/amsfonts/cm/cmr9.pfb></usr/local/texlive/2012/texmf-
dist/fonts/type1/public/amsfonts/cm/cmsy10.pfb></usr/local/texlive/2012/texmf-d
ist/fonts/type1/public/amsfonts/cm/cmsy6.pfb></usr/local/texlive/2012/texmf-dis
t/fonts/type1/public/amsfonts/cm/cmsy7.pfb></usr/local/texlive/2012/texmf-dist/
fonts/type1/public/amsfonts/cm/cmsy8.pfb></usr/local/texlive/2012/texmf-dist/fo
nts/type1/public/amsfonts/cm/cmsy9.pfb></usr/local/texlive/2012/texmf-dist/font
s/type1/public/amsfonts/cm/cmti9.pfb></usr/local/texlive/2012/texmf-dist/fonts/
type1/public/amsfonts/cm/cmtt10.pfb></usr/local/texlive/2012/texmf-dist/fonts/t
ype1/public/amsfonts/symbols/msam10.pfb></usr/local/texlive/2012/texmf-dist/fon
ts/type1/public/amsfonts/symbols/msbm10.pfb>
Output written on phononTemperatures.pdf (8 pages, 1206599 bytes).
PDF statistics:
 422 PDF objects out of 1000 (max. 8388607)
 345 compressed objects within 4 object streams
 0 named destinations out of 1000 (max. 500000)
 71 words of extra memory for PDF output out of 10000 (max. 10000000)

